This file contains any messages produced by compilers while
running configure, to aid debugging if configure makes a mistake.

It was created by exiv2 configure 0.23, which was
generated by GNU Autoconf 2.68.  Invocation command line was

  $ ./configure --disable-xmp

## --------- ##
## Platform. ##
## --------- ##

hostname = beta
uname -m = x86_64
uname -r = 3.9-1-amd64
uname -s = Linux
uname -v = #1 SMP Debian 3.9.8-1

/usr/bin/uname -p = unknown
/bin/uname -X     = unknown

/bin/arch              = unknown
/usr/bin/arch -k       = unknown
/usr/convex/getsysinfo = unknown
/usr/bin/hostinfo      = unknown
/bin/machine           = unknown
/usr/bin/oslevel       = unknown
/bin/universe          = unknown

PATH: /usr/local/sbin
PATH: /usr/local/bin
PATH: /usr/sbin
PATH: /usr/bin
PATH: /sbin
PATH: /bin
PATH: /home/guigui/Development/android-ndk-r8e


## ----------- ##
## Core tests. ##
## ----------- ##

configure:2677: checking for g++
configure:2693: found /usr/bin/g++
configure:2704: result: g++
configure:2731: checking for C++ compiler version
configure:2740: g++ --version >&5
g++ (Debian 4.8.1-5) 4.8.1
Copyright (C) 2013 Free Software Foundation, Inc.
This is free software; see the source for copying conditions.  There is NO
warranty; not even for MERCHANTABILITY or FITNESS FOR A PARTICULAR PURPOSE.

configure:2751: $? = 0
configure:2740: g++ -v >&5
Using built-in specs.
COLLECT_GCC=g++
COLLECT_LTO_WRAPPER=/usr/lib/gcc/x86_64-linux-gnu/4.8/lto-wrapper
Target: x86_64-linux-gnu
Configured with: ../src/configure -v --with-pkgversion='Debian 4.8.1-5' --with-bugurl=file:///usr/share/doc/gcc-4.8/README.Bugs --enable-languages=c,c++,java,go,d,fortran,objc,obj-c++ --prefix=/usr --program-suffix=-4.8 --enable-shared --enable-linker-build-id --libexecdir=/usr/lib --without-included-gettext --enable-threads=posix --with-gxx-include-dir=/usr/include/c++/4.8 --libdir=/usr/lib --enable-nls --with-sysroot=/ --enable-clocale=gnu --enable-libstdcxx-debug --enable-libstdcxx-time=yes --enable-gnu-unique-object --enable-plugin --with-system-zlib --disable-browser-plugin --enable-java-awt=gtk --enable-gtk-cairo --with-java-home=/usr/lib/jvm/java-1.5.0-gcj-4.8-amd64/jre --enable-java-home --with-jvm-root-dir=/usr/lib/jvm/java-1.5.0-gcj-4.8-amd64 --with-jvm-jar-dir=/usr/lib/jvm-exports/java-1.5.0-gcj-4.8-amd64 --with-arch-directory=amd64 --with-ecj-jar=/usr/share/java/eclipse-ecj.jar --enable-objc-gc --enable-multiarch --with-arch-32=i586 --with-abi=m64 --with-multilib-list=m32,m64,mx32 --with-tune=generic --enable-checking=release --build=x86_64-linux-gnu --host=x86_64-linux-gnu --target=x86_64-linux-gnu
Thread model: posix
gcc version 4.8.1 (Debian 4.8.1-5) 
configure:2751: $? = 0
configure:2740: g++ -V >&5
g++: error: unrecognized command line option '-V'
g++: fatal error: no input files
compilation terminated.
configure:2751: $? = 4
configure:2740: g++ -qversion >&5
g++: error: unrecognized command line option '-qversion'
g++: fatal error: no input files
compilation terminated.
configure:2751: $? = 4
configure:2771: checking whether the C++ compiler works
configure:2793: g++    conftest.cpp  >&5
configure:2797: $? = 0
configure:2845: result: yes
configure:2848: checking for C++ compiler default output file name
configure:2850: result: a.out
configure:2856: checking for suffix of executables
configure:2863: g++ -o conftest    conftest.cpp  >&5
configure:2867: $? = 0
configure:2889: result: 
configure:2911: checking whether we are cross compiling
configure:2919: g++ -o conftest    conftest.cpp  >&5
configure:2923: $? = 0
configure:2930: ./conftest
configure:2934: $? = 0
configure:2949: result: no
configure:2954: checking for suffix of object files
configure:2976: g++ -c   conftest.cpp >&5
configure:2980: $? = 0
configure:3001: result: o
configure:3005: checking whether we are using the GNU C++ compiler
configure:3024: g++ -c   conftest.cpp >&5
configure:3024: $? = 0
configure:3033: result: yes
configure:3042: checking whether g++ accepts -g
configure:3103: result: no
configure:3131: checking how to run the C++ preprocessor
configure:3158: g++ -E  conftest.cpp
configure:3158: $? = 0
configure:3172: g++ -E  conftest.cpp
conftest.cpp:11:28: fatal error: ac_nonexistent.h: No such file or directory
 #include <ac_nonexistent.h>
                            ^
compilation terminated.
configure:3172: $? = 1
configure: failed program was:
| /* confdefs.h */
| #define PACKAGE_NAME "exiv2"
| #define PACKAGE_TARNAME "exiv2"
| #define PACKAGE_VERSION "0.23"
| #define PACKAGE_STRING "exiv2 0.23"
| #define PACKAGE_BUGREPORT "ahuggel@gmx.net"
| #define PACKAGE_URL ""
| #define PACKAGE "exiv2"
| #define VERSION "0.23"
| /* end confdefs.h.  */
| #include <ac_nonexistent.h>
configure:3197: result: g++ -E
configure:3217: g++ -E  conftest.cpp
configure:3217: $? = 0
configure:3231: g++ -E  conftest.cpp
conftest.cpp:11:28: fatal error: ac_nonexistent.h: No such file or directory
 #include <ac_nonexistent.h>
                            ^
compilation terminated.
configure:3231: $? = 1
configure: failed program was:
| /* confdefs.h */
| #define PACKAGE_NAME "exiv2"
| #define PACKAGE_TARNAME "exiv2"
| #define PACKAGE_VERSION "0.23"
| #define PACKAGE_STRING "exiv2 0.23"
| #define PACKAGE_BUGREPORT "ahuggel@gmx.net"
| #define PACKAGE_URL ""
| #define PACKAGE "exiv2"
| #define VERSION "0.23"
| /* end confdefs.h.  */
| #include <ac_nonexistent.h>
configure:3309: checking for gcc
configure:3325: found /usr/bin/gcc
configure:3336: result: gcc
configure:3565: checking for C compiler version
configure:3574: gcc --version >&5
gcc (Debian 4.8.1-5) 4.8.1
Copyright (C) 2013 Free Software Foundation, Inc.
This is free software; see the source for copying conditions.  There is NO
warranty; not even for MERCHANTABILITY or FITNESS FOR A PARTICULAR PURPOSE.

configure:3585: $? = 0
configure:3574: gcc -v >&5
Using built-in specs.
COLLECT_GCC=gcc
COLLECT_LTO_WRAPPER=/usr/lib/gcc/x86_64-linux-gnu/4.8/lto-wrapper
Target: x86_64-linux-gnu
Configured with: ../src/configure -v --with-pkgversion='Debian 4.8.1-5' --with-bugurl=file:///usr/share/doc/gcc-4.8/README.Bugs --enable-languages=c,c++,java,go,d,fortran,objc,obj-c++ --prefix=/usr --program-suffix=-4.8 --enable-shared --enable-linker-build-id --libexecdir=/usr/lib --without-included-gettext --enable-threads=posix --with-gxx-include-dir=/usr/include/c++/4.8 --libdir=/usr/lib --enable-nls --with-sysroot=/ --enable-clocale=gnu --enable-libstdcxx-debug --enable-libstdcxx-time=yes --enable-gnu-unique-object --enable-plugin --with-system-zlib --disable-browser-plugin --enable-java-awt=gtk --enable-gtk-cairo --with-java-home=/usr/lib/jvm/java-1.5.0-gcj-4.8-amd64/jre --enable-java-home --with-jvm-root-dir=/usr/lib/jvm/java-1.5.0-gcj-4.8-amd64 --with-jvm-jar-dir=/usr/lib/jvm-exports/java-1.5.0-gcj-4.8-amd64 --with-arch-directory=amd64 --with-ecj-jar=/usr/share/java/eclipse-ecj.jar --enable-objc-gc --enable-multiarch --with-arch-32=i586 --with-abi=m64 --with-multilib-list=m32,m64,mx32 --with-tune=generic --enable-checking=release --build=x86_64-linux-gnu --host=x86_64-linux-gnu --target=x86_64-linux-gnu
Thread model: posix
gcc version 4.8.1 (Debian 4.8.1-5) 
configure:3585: $? = 0
configure:3574: gcc -V >&5
gcc: error: unrecognized command line option '-V'
gcc: fatal error: no input files
compilation terminated.
configure:3585: $? = 4
configure:3574: gcc -qversion >&5
gcc: error: unrecognized command line option '-qversion'
gcc: fatal error: no input files
compilation terminated.
configure:3585: $? = 4
configure:3589: checking whether we are using the GNU C compiler
configure:3608: gcc -c   conftest.c >&5
configure:3608: $? = 0
configure:3617: result: yes
configure:3626: checking whether gcc accepts -g
configure:3687: result: no
configure:3704: checking for gcc option to accept ISO C89
configure:3768: gcc  -c -O2  conftest.c >&5
configure:3768: $? = 0
configure:3781: result: none needed
configure:3806: checking how to run the C preprocessor
configure:3837: gcc -E  conftest.c
configure:3837: $? = 0
configure:3851: gcc -E  conftest.c
conftest.c:11:28: fatal error: ac_nonexistent.h: No such file or directory
 #include <ac_nonexistent.h>
                            ^
compilation terminated.
configure:3851: $? = 1
configure: failed program was:
| /* confdefs.h */
| #define PACKAGE_NAME "exiv2"
| #define PACKAGE_TARNAME "exiv2"
| #define PACKAGE_VERSION "0.23"
| #define PACKAGE_STRING "exiv2 0.23"
| #define PACKAGE_BUGREPORT "ahuggel@gmx.net"
| #define PACKAGE_URL ""
| #define PACKAGE "exiv2"
| #define VERSION "0.23"
| /* end confdefs.h.  */
| #include <ac_nonexistent.h>
configure:3876: result: gcc -E
configure:3896: gcc -E  conftest.c
configure:3896: $? = 0
configure:3910: gcc -E  conftest.c
conftest.c:11:28: fatal error: ac_nonexistent.h: No such file or directory
 #include <ac_nonexistent.h>
                            ^
compilation terminated.
configure:3910: $? = 1
configure: failed program was:
| /* confdefs.h */
| #define PACKAGE_NAME "exiv2"
| #define PACKAGE_TARNAME "exiv2"
| #define PACKAGE_VERSION "0.23"
| #define PACKAGE_STRING "exiv2 0.23"
| #define PACKAGE_BUGREPORT "ahuggel@gmx.net"
| #define PACKAGE_URL ""
| #define PACKAGE "exiv2"
| #define VERSION "0.23"
| /* end confdefs.h.  */
| #include <ac_nonexistent.h>
configure:3952: checking for a BSD-compatible install
configure:4020: result: /usr/bin/install -c
configure:4031: checking whether ln -s works
configure:4035: result: yes
configure:4042: checking whether make sets $(MAKE)
configure:4064: result: yes
configure:4077: checking build system type
configure:4091: result: x86_64-unknown-linux-gnu
configure:4111: checking host system type
configure:4124: result: x86_64-unknown-linux-gnu
configure:4163: checking whether NLS is requested
configure:4172: result: yes
configure:4210: checking for msgfmt
configure:4245: result: no
configure:4251: checking for gmsgfmt
configure:4282: result: :
configure:4322: checking for xgettext
configure:4357: result: no
configure:4394: checking for msgmerge
configure:4428: result: no
configure:4500: checking for ld used by GCC
configure:4564: result: /usr/bin/ld
configure:4571: checking if the linker (/usr/bin/ld) is GNU ld
configure:4584: result: yes
configure:4591: checking for shared library run path origin
configure:4604: result: done
configure:5021: checking for CFPreferencesCopyAppValue
configure:5041: gcc -o conftest -O2  -I/System/Library/Frameworks/CoreFoundation.framework/Headers  conftest.c  -framework CoreFoundation >&5
gcc: error: CoreFoundation: No such file or directory
gcc: error: unrecognized command line option '-framework'
configure:5041: $? = 1
configure: failed program was:
| /* confdefs.h */
| #define PACKAGE_NAME "exiv2"
| #define PACKAGE_TARNAME "exiv2"
| #define PACKAGE_VERSION "0.23"
| #define PACKAGE_STRING "exiv2 0.23"
| #define PACKAGE_BUGREPORT "ahuggel@gmx.net"
| #define PACKAGE_URL ""
| #define PACKAGE "exiv2"
| #define VERSION "0.23"
| /* end confdefs.h.  */
| #include <CFPreferences.h>
| int
| main ()
| {
| CFPreferencesCopyAppValue(NULL, NULL)
|   ;
|   return 0;
| }
configure:5051: result: no
configure:5058: checking for CFLocaleCopyCurrent
configure:5078: gcc -o conftest -O2  -I/System/Library/Frameworks/CoreFoundation.framework/Headers  conftest.c  -framework CoreFoundation >&5
gcc: error: CoreFoundation: No such file or directory
gcc: error: unrecognized command line option '-framework'
configure:5078: $? = 1
configure: failed program was:
| /* confdefs.h */
| #define PACKAGE_NAME "exiv2"
| #define PACKAGE_TARNAME "exiv2"
| #define PACKAGE_VERSION "0.23"
| #define PACKAGE_STRING "exiv2 0.23"
| #define PACKAGE_BUGREPORT "ahuggel@gmx.net"
| #define PACKAGE_URL ""
| #define PACKAGE "exiv2"
| #define VERSION "0.23"
| /* end confdefs.h.  */
| #include <CFLocale.h>
| int
| main ()
| {
| CFLocaleCopyCurrent();
|   ;
|   return 0;
| }
configure:5088: result: no
configure:5103: checking whether NLS is requested
configure:5112: result: yes
configure:5130: checking for GNU gettext in libc
configure:5149: gcc -o conftest -O2   conftest.c  >&5
configure:5149: $? = 0
configure:5157: result: yes
configure:5745: checking whether to use NLS
configure:5747: result: yes
configure:5750: checking where the gettext function comes from
configure:5761: result: libc
configure:5847: checking for a sed that does not truncate output
configure:5911: result: /bin/sed
configure:5929: checking for grep that handles long lines and -e
configure:5987: result: /bin/grep
configure:5992: checking for egrep
configure:6054: result: /bin/grep -E
configure:6059: checking for fgrep
configure:6121: result: /bin/grep -F
configure:6156: checking for ld used by gcc
configure:6223: result: /usr/bin/ld
configure:6230: checking if the linker (/usr/bin/ld) is GNU ld
configure:6245: result: yes
configure:6257: checking for BSD- or MS-compatible name lister (nm)
configure:6306: result: /usr/bin/nm -B
configure:6424: checking the name lister (/usr/bin/nm -B) interface
configure:6431: gcc -c -O2  conftest.c >&5
configure:6434: /usr/bin/nm -B "conftest.o"
configure:6437: output
0000000000000000 B some_variable
configure:6444: result: BSD nm
configure:6448: checking the maximum length of command line arguments
configure:6568: result: 1572864
configure:6585: checking whether the shell understands some XSI constructs
configure:6595: result: yes
configure:6599: checking whether the shell understands "+="
configure:6605: result: yes
configure:6640: checking for /usr/bin/ld option to reload object files
configure:6647: result: -r
configure:6716: checking for objdump
configure:6732: found /usr/bin/objdump
configure:6743: result: objdump
configure:6775: checking how to recognize dependent libraries
configure:6971: result: pass_all
configure:7031: checking for ar
configure:7047: found /usr/bin/ar
configure:7058: result: ar
configure:7136: checking for strip
configure:7152: found /usr/bin/strip
configure:7163: result: strip
configure:7235: checking for ranlib
configure:7251: found /usr/bin/ranlib
configure:7262: result: ranlib
configure:7352: checking command to parse /usr/bin/nm -B output from gcc object
configure:7470: gcc -c -O2  conftest.c >&5
configure:7473: $? = 0
configure:7477: /usr/bin/nm -B conftest.o \| sed -n -e 's/^.*[	 ]\([ABCDGIRSTW][ABCDGIRSTW]*\)[	 ][	 ]*\([_A-Za-z][_A-Za-z0-9]*\)$/\1 \2 \2/p' \> conftest.nm
configure:7480: $? = 0
configure:7534: gcc -o conftest -O2   conftest.c conftstm.o >&5
configure:7537: $? = 0
configure:7575: result: ok
configure:7670: gcc -c -O2  conftest.c >&5
configure:7673: $? = 0
configure:8379: checking for ANSI C header files
configure:8399: gcc -c -O2  conftest.c >&5
configure:8399: $? = 0
configure:8472: gcc -o conftest -O2   conftest.c  >&5
configure:8472: $? = 0
configure:8472: ./conftest
configure:8472: $? = 0
configure:8483: result: yes
configure:8496: checking for sys/types.h
configure:8496: gcc -c -O2  conftest.c >&5
configure:8496: $? = 0
configure:8496: result: yes
configure:8496: checking for sys/stat.h
configure:8496: gcc -c -O2  conftest.c >&5
configure:8496: $? = 0
configure:8496: result: yes
configure:8496: checking for stdlib.h
configure:8496: gcc -c -O2  conftest.c >&5
configure:8496: $? = 0
configure:8496: result: yes
configure:8496: checking for string.h
configure:8496: gcc -c -O2  conftest.c >&5
configure:8496: $? = 0
configure:8496: result: yes
configure:8496: checking for memory.h
configure:8496: gcc -c -O2  conftest.c >&5
configure:8496: $? = 0
configure:8496: result: yes
configure:8496: checking for strings.h
configure:8496: gcc -c -O2  conftest.c >&5
configure:8496: $? = 0
configure:8496: result: yes
configure:8496: checking for inttypes.h
configure:8496: gcc -c -O2  conftest.c >&5
configure:8496: $? = 0
configure:8496: result: yes
configure:8496: checking for stdint.h
configure:8496: gcc -c -O2  conftest.c >&5
configure:8496: $? = 0
configure:8496: result: yes
configure:8496: checking for unistd.h
configure:8496: gcc -c -O2  conftest.c >&5
configure:8496: $? = 0
configure:8496: result: yes
configure:8510: checking for dlfcn.h
configure:8510: gcc -c -O2  conftest.c >&5
configure:8510: $? = 0
configure:8510: result: yes
configure:8635: checking for C++ compiler version
configure:8644: g++ --version >&5
g++ (Debian 4.8.1-5) 4.8.1
Copyright (C) 2013 Free Software Foundation, Inc.
This is free software; see the source for copying conditions.  There is NO
warranty; not even for MERCHANTABILITY or FITNESS FOR A PARTICULAR PURPOSE.

configure:8655: $? = 0
configure:8644: g++ -v >&5
Using built-in specs.
COLLECT_GCC=g++
COLLECT_LTO_WRAPPER=/usr/lib/gcc/x86_64-linux-gnu/4.8/lto-wrapper
Target: x86_64-linux-gnu
Configured with: ../src/configure -v --with-pkgversion='Debian 4.8.1-5' --with-bugurl=file:///usr/share/doc/gcc-4.8/README.Bugs --enable-languages=c,c++,java,go,d,fortran,objc,obj-c++ --prefix=/usr --program-suffix=-4.8 --enable-shared --enable-linker-build-id --libexecdir=/usr/lib --without-included-gettext --enable-threads=posix --with-gxx-include-dir=/usr/include/c++/4.8 --libdir=/usr/lib --enable-nls --with-sysroot=/ --enable-clocale=gnu --enable-libstdcxx-debug --enable-libstdcxx-time=yes --enable-gnu-unique-object --enable-plugin --with-system-zlib --disable-browser-plugin --enable-java-awt=gtk --enable-gtk-cairo --with-java-home=/usr/lib/jvm/java-1.5.0-gcj-4.8-amd64/jre --enable-java-home --with-jvm-root-dir=/usr/lib/jvm/java-1.5.0-gcj-4.8-amd64 --with-jvm-jar-dir=/usr/lib/jvm-exports/java-1.5.0-gcj-4.8-amd64 --with-arch-directory=amd64 --with-ecj-jar=/usr/share/java/eclipse-ecj.jar --enable-objc-gc --enable-multiarch --with-arch-32=i586 --with-abi=m64 --with-multilib-list=m32,m64,mx32 --with-tune=generic --enable-checking=release --build=x86_64-linux-gnu --host=x86_64-linux-gnu --target=x86_64-linux-gnu
Thread model: posix
gcc version 4.8.1 (Debian 4.8.1-5) 
configure:8655: $? = 0
configure:8644: g++ -V >&5
g++: error: unrecognized command line option '-V'
g++: fatal error: no input files
compilation terminated.
configure:8655: $? = 4
configure:8644: g++ -qversion >&5
g++: error: unrecognized command line option '-qversion'
g++: fatal error: no input files
compilation terminated.
configure:8655: $? = 4
configure:8659: checking whether we are using the GNU C++ compiler
configure:8687: result: yes
configure:8696: checking whether g++ accepts -g
configure:8757: result: no
configure:8788: checking how to run the C++ preprocessor
configure:8854: result: g++ -E
configure:8874: g++ -E  conftest.cpp
configure:8874: $? = 0
configure:8888: g++ -E  conftest.cpp
conftest.cpp:25:28: fatal error: ac_nonexistent.h: No such file or directory
 #include <ac_nonexistent.h>
                            ^
compilation terminated.
configure:8888: $? = 1
configure: failed program was:
| /* confdefs.h */
| #define PACKAGE_NAME "exiv2"
| #define PACKAGE_TARNAME "exiv2"
| #define PACKAGE_VERSION "0.23"
| #define PACKAGE_STRING "exiv2 0.23"
| #define PACKAGE_BUGREPORT "ahuggel@gmx.net"
| #define PACKAGE_URL ""
| #define PACKAGE "exiv2"
| #define VERSION "0.23"
| #define ENABLE_NLS 1
| #define HAVE_GETTEXT 1
| #define HAVE_DCGETTEXT 1
| #define STDC_HEADERS 1
| #define HAVE_SYS_TYPES_H 1
| #define HAVE_SYS_STAT_H 1
| #define HAVE_STDLIB_H 1
| #define HAVE_STRING_H 1
| #define HAVE_MEMORY_H 1
| #define HAVE_STRINGS_H 1
| #define HAVE_INTTYPES_H 1
| #define HAVE_STDINT_H 1
| #define HAVE_UNISTD_H 1
| #define HAVE_DLFCN_H 1
| /* end confdefs.h.  */
| #include <ac_nonexistent.h>
configure:9094: checking for objdir
configure:9109: result: .libs
configure:9405: checking if gcc supports -fno-rtti -fno-exceptions
configure:9423: gcc -c -O2  -fno-rtti -fno-exceptions conftest.c >&5
cc1: warning: command line option '-fno-rtti' is valid for C++/ObjC++ but not for C [enabled by default]
configure:9427: $? = 0
configure:9440: result: no
configure:9460: checking for gcc option to produce PIC
configure:9732: result: -fPIC -DPIC
configure:9744: checking if gcc PIC flag -fPIC -DPIC works
configure:9762: gcc -c -O2  -fPIC -DPIC -DPIC conftest.c >&5
configure:9766: $? = 0
configure:9779: result: yes
configure:9803: checking if gcc static flag -static works
configure:9831: result: yes
configure:9846: checking if gcc supports -c -o file.o
configure:9867: gcc -c -O2  -o out/conftest2.o conftest.c >&5
configure:9871: $? = 0
configure:9893: result: yes
configure:9901: checking if gcc supports -c -o file.o
configure:9948: result: yes
configure:9981: checking whether the gcc linker (/usr/bin/ld -m elf_x86_64) supports shared libraries
configure:10971: result: yes
configure:11008: checking whether -lc should be explicitly linked in
configure:11013: gcc -c -O2  conftest.c >&5
configure:11016: $? = 0
configure:11031: gcc -shared conftest.o  -v -Wl,-soname -Wl,conftest -o conftest 2\>\&1 \| /bin/grep  -lc  \>/dev/null 2\>\&1
configure:11034: $? = 0
configure:11046: result: no
configure:11210: checking dynamic linker characteristics
configure:11643: gcc -o conftest -O2   -Wl,-rpath -Wl,/foo conftest.c  >&5
configure:11643: $? = 0
configure:11873: result: GNU/Linux ld.so
configure:11975: checking how to hardcode library paths into programs
configure:12000: result: immediate
configure:12520: checking whether stripping libraries is possible
configure:12525: result: yes
configure:12560: checking if libtool supports shared libraries
configure:12562: result: yes
configure:12565: checking whether to build shared libraries
configure:12586: result: yes
configure:12589: checking whether to build static libraries
configure:12593: result: yes
configure:12743: checking for ld used by g++
configure:12810: result: /usr/bin/ld -m elf_x86_64
configure:12817: checking if the linker (/usr/bin/ld -m elf_x86_64) is GNU ld
configure:12832: result: yes
configure:12887: checking whether the g++ linker (/usr/bin/ld -m elf_x86_64) supports shared libraries
configure:13800: result: yes
configure:13828: g++ -c -O2  conftest.cpp >&5
configure:13831: $? = 0
configure:14013: checking for g++ option to produce PIC
configure:14330: result: -fPIC -DPIC
configure:14339: checking if g++ PIC flag -fPIC -DPIC works
configure:14357: g++ -c -O2  -fPIC -DPIC -DPIC conftest.cpp >&5
configure:14361: $? = 0
configure:14374: result: yes
configure:14395: checking if g++ static flag -static works
configure:14423: result: yes
configure:14435: checking if g++ supports -c -o file.o
configure:14456: g++ -c -O2  -o out/conftest2.o conftest.cpp >&5
configure:14460: $? = 0
configure:14482: result: yes
configure:14487: checking if g++ supports -c -o file.o
configure:14534: result: yes
configure:14564: checking whether the g++ linker (/usr/bin/ld -m elf_x86_64) supports shared libraries
configure:14593: result: yes
configure:14730: checking dynamic linker characteristics
configure:15111: g++ -o conftest -O2   -Wl,-rpath -Wl,/foo conftest.cpp  >&5
configure:15111: $? = 0
configure:15341: result: GNU/Linux ld.so
configure:15392: checking how to hardcode library paths into programs
configure:15417: result: immediate
configure:15568: checking for cos in -lm
configure:15593: gcc -o conftest -O2   conftest.c -lm   >&5
conftest.c:33:6: warning: conflicting types for built-in function 'cos' [enabled by default]
 char cos ();
      ^
configure:15593: $? = 0
configure:15602: result: yes
configure:15616: checking if zlib is wanted
configure:15631: result: yes
configure:15665: checking for inflateEnd in -lz
configure:15690: gcc -o conftest -O2   conftest.c -lz   -lm >&5
configure:15690: $? = 0
configure:15699: result: yes
configure:15707: checking zlib.h usability
configure:15707: gcc -c -O2  conftest.c >&5
configure:15707: $? = 0
configure:15707: result: yes
configure:15707: checking zlib.h presence
configure:15707: gcc -E  conftest.c
configure:15707: $? = 0
configure:15707: result: yes
configure:15707: checking for zlib.h
configure:15707: result: yes
configure:15726: checking for inflateEnd in -lz
configure:15760: result: yes
configure:15771: checking zlib in /usr
configure:15773: result: ok
configure:15823: checking for iconv
configure:15845: gcc -o conftest -O2   conftest.c -lz  -lm >&5
configure:15845: $? = 0
configure:15877: result: yes
configure:15898: checking for iconv declaration
configure:15927: gcc -c -O2  conftest.c >&5
configure:15927: $? = 0
configure:15938: result: 
         extern size_t iconv (iconv_t cd, char * *inbuf, size_t *inbytesleft, char * *outbuf, size_t *outbytesleft);
configure:15952: checking for ANSI C header files
configure:16056: result: yes
configure:16067: checking libintl.h usability
configure:16067: gcc -c -O2  conftest.c >&5
configure:16067: $? = 0
configure:16067: result: yes
configure:16067: checking libintl.h presence
configure:16067: gcc -E  conftest.c
configure:16067: $? = 0
configure:16067: result: yes
configure:16067: checking for libintl.h
configure:16067: result: yes
configure:16067: checking locale.h usability
configure:16067: gcc -c -O2  conftest.c >&5
configure:16067: $? = 0
configure:16067: result: yes
configure:16067: checking locale.h presence
configure:16067: gcc -E  conftest.c
configure:16067: $? = 0
configure:16067: result: yes
configure:16067: checking for locale.h
configure:16067: result: yes
configure:16067: checking malloc.h usability
configure:16067: gcc -c -O2  conftest.c >&5
configure:16067: $? = 0
configure:16067: result: yes
configure:16067: checking malloc.h presence
configure:16067: gcc -E  conftest.c
configure:16067: $? = 0
configure:16067: result: yes
configure:16067: checking for malloc.h
configure:16067: result: yes
configure:16067: checking for stdint.h
configure:16067: result: yes
configure:16067: checking for stdlib.h
configure:16067: result: yes
configure:16067: checking for string.h
configure:16067: result: yes
configure:16067: checking for unistd.h
configure:16067: result: yes
configure:16067: checking sys/mman.h usability
configure:16067: gcc -c -O2  conftest.c >&5
configure:16067: $? = 0
configure:16067: result: yes
configure:16067: checking sys/mman.h presence
configure:16067: gcc -E  conftest.c
configure:16067: $? = 0
configure:16067: result: yes
configure:16067: checking for sys/mman.h
configure:16067: result: yes
configure:16067: checking utime.h usability
configure:16067: gcc -c -O2  conftest.c >&5
configure:16067: $? = 0
configure:16067: result: yes
configure:16067: checking utime.h presence
configure:16067: gcc -E  conftest.c
configure:16067: $? = 0
configure:16067: result: yes
configure:16067: checking for utime.h
configure:16067: result: yes
configure:16081: checking for stdbool.h that conforms to C99
configure:16148: gcc -c -O2  conftest.c >&5
configure:16148: $? = 0
configure:16155: result: yes
configure:16157: checking for _Bool
configure:16157: gcc -c -O2  conftest.c >&5
configure:16157: $? = 0
configure:16157: gcc -c -O2  conftest.c >&5
conftest.c: In function 'main':
conftest.c:75:20: error: expected expression before ')' token
 if (sizeof ((_Bool)))
                    ^
configure:16157: $? = 1
configure: failed program was:
| /* confdefs.h */
| #define PACKAGE_NAME "exiv2"
| #define PACKAGE_TARNAME "exiv2"
| #define PACKAGE_VERSION "0.23"
| #define PACKAGE_STRING "exiv2 0.23"
| #define PACKAGE_BUGREPORT "ahuggel@gmx.net"
| #define PACKAGE_URL ""
| #define PACKAGE "exiv2"
| #define VERSION "0.23"
| #define ENABLE_NLS 1
| #define HAVE_GETTEXT 1
| #define HAVE_DCGETTEXT 1
| #define STDC_HEADERS 1
| #define HAVE_SYS_TYPES_H 1
| #define HAVE_SYS_STAT_H 1
| #define HAVE_STDLIB_H 1
| #define HAVE_STRING_H 1
| #define HAVE_MEMORY_H 1
| #define HAVE_STRINGS_H 1
| #define HAVE_INTTYPES_H 1
| #define HAVE_STDINT_H 1
| #define HAVE_UNISTD_H 1
| #define HAVE_DLFCN_H 1
| #define LT_OBJDIR ".libs/"
| #define HAVE_LIBZ 1
| #define HAVE_ICONV 1
| #define ICONV_CONST 
| #define STDC_HEADERS 1
| #define HAVE_LIBINTL_H 1
| #define HAVE_LOCALE_H 1
| #define HAVE_MALLOC_H 1
| #define HAVE_STDINT_H 1
| #define HAVE_STDLIB_H 1
| #define HAVE_STRING_H 1
| #define HAVE_UNISTD_H 1
| #define HAVE_SYS_MMAN_H 1
| #define HAVE_UTIME_H 1
| /* end confdefs.h.  */
| #include <stdio.h>
| #ifdef HAVE_SYS_TYPES_H
| # include <sys/types.h>
| #endif
| #ifdef HAVE_SYS_STAT_H
| # include <sys/stat.h>
| #endif
| #ifdef STDC_HEADERS
| # include <stdlib.h>
| # include <stddef.h>
| #else
| # ifdef HAVE_STDLIB_H
| #  include <stdlib.h>
| # endif
| #endif
| #ifdef HAVE_STRING_H
| # if !defined STDC_HEADERS && defined HAVE_MEMORY_H
| #  include <memory.h>
| # endif
| # include <string.h>
| #endif
| #ifdef HAVE_STRINGS_H
| # include <strings.h>
| #endif
| #ifdef HAVE_INTTYPES_H
| # include <inttypes.h>
| #endif
| #ifdef HAVE_STDINT_H
| # include <stdint.h>
| #endif
| #ifdef HAVE_UNISTD_H
| # include <unistd.h>
| #endif
| int
| main ()
| {
| if (sizeof ((_Bool)))
| 	    return 0;
|   ;
|   return 0;
| }
configure:16157: result: yes
configure:16173: checking for an ANSI C-conforming const
configure:16238: gcc -c -O2  conftest.c >&5
configure:16238: $? = 0
configure:16245: result: yes
configure:16253: checking for inline
configure:16269: gcc -c -O2  conftest.c >&5
configure:16269: $? = 0
configure:16277: result: inline
configure:16295: checking for pid_t
configure:16295: gcc -c -O2  conftest.c >&5
configure:16295: $? = 0
configure:16295: gcc -c -O2  conftest.c >&5
conftest.c: In function 'main':
conftest.c:77:20: error: expected expression before ')' token
 if (sizeof ((pid_t)))
                    ^
configure:16295: $? = 1
configure: failed program was:
| /* confdefs.h */
| #define PACKAGE_NAME "exiv2"
| #define PACKAGE_TARNAME "exiv2"
| #define PACKAGE_VERSION "0.23"
| #define PACKAGE_STRING "exiv2 0.23"
| #define PACKAGE_BUGREPORT "ahuggel@gmx.net"
| #define PACKAGE_URL ""
| #define PACKAGE "exiv2"
| #define VERSION "0.23"
| #define ENABLE_NLS 1
| #define HAVE_GETTEXT 1
| #define HAVE_DCGETTEXT 1
| #define STDC_HEADERS 1
| #define HAVE_SYS_TYPES_H 1
| #define HAVE_SYS_STAT_H 1
| #define HAVE_STDLIB_H 1
| #define HAVE_STRING_H 1
| #define HAVE_MEMORY_H 1
| #define HAVE_STRINGS_H 1
| #define HAVE_INTTYPES_H 1
| #define HAVE_STDINT_H 1
| #define HAVE_UNISTD_H 1
| #define HAVE_DLFCN_H 1
| #define LT_OBJDIR ".libs/"
| #define HAVE_LIBZ 1
| #define HAVE_ICONV 1
| #define ICONV_CONST 
| #define STDC_HEADERS 1
| #define HAVE_LIBINTL_H 1
| #define HAVE_LOCALE_H 1
| #define HAVE_MALLOC_H 1
| #define HAVE_STDINT_H 1
| #define HAVE_STDLIB_H 1
| #define HAVE_STRING_H 1
| #define HAVE_UNISTD_H 1
| #define HAVE_SYS_MMAN_H 1
| #define HAVE_UTIME_H 1
| #define HAVE__BOOL 1
| #define HAVE_STDBOOL_H 1
| /* end confdefs.h.  */
| #include <stdio.h>
| #ifdef HAVE_SYS_TYPES_H
| # include <sys/types.h>
| #endif
| #ifdef HAVE_SYS_STAT_H
| # include <sys/stat.h>
| #endif
| #ifdef STDC_HEADERS
| # include <stdlib.h>
| # include <stddef.h>
| #else
| # ifdef HAVE_STDLIB_H
| #  include <stdlib.h>
| # endif
| #endif
| #ifdef HAVE_STRING_H
| # if !defined STDC_HEADERS && defined HAVE_MEMORY_H
| #  include <memory.h>
| # endif
| # include <string.h>
| #endif
| #ifdef HAVE_STRINGS_H
| # include <strings.h>
| #endif
| #ifdef HAVE_INTTYPES_H
| # include <inttypes.h>
| #endif
| #ifdef HAVE_STDINT_H
| # include <stdint.h>
| #endif
| #ifdef HAVE_UNISTD_H
| # include <unistd.h>
| #endif
| int
| main ()
| {
| if (sizeof ((pid_t)))
| 	    return 0;
|   ;
|   return 0;
| }
configure:16295: result: yes
configure:16306: checking for size_t
configure:16306: gcc -c -O2  conftest.c >&5
configure:16306: $? = 0
configure:16306: gcc -c -O2  conftest.c >&5
conftest.c: In function 'main':
conftest.c:77:21: error: expected expression before ')' token
 if (sizeof ((size_t)))
                     ^
configure:16306: $? = 1
configure: failed program was:
| /* confdefs.h */
| #define PACKAGE_NAME "exiv2"
| #define PACKAGE_TARNAME "exiv2"
| #define PACKAGE_VERSION "0.23"
| #define PACKAGE_STRING "exiv2 0.23"
| #define PACKAGE_BUGREPORT "ahuggel@gmx.net"
| #define PACKAGE_URL ""
| #define PACKAGE "exiv2"
| #define VERSION "0.23"
| #define ENABLE_NLS 1
| #define HAVE_GETTEXT 1
| #define HAVE_DCGETTEXT 1
| #define STDC_HEADERS 1
| #define HAVE_SYS_TYPES_H 1
| #define HAVE_SYS_STAT_H 1
| #define HAVE_STDLIB_H 1
| #define HAVE_STRING_H 1
| #define HAVE_MEMORY_H 1
| #define HAVE_STRINGS_H 1
| #define HAVE_INTTYPES_H 1
| #define HAVE_STDINT_H 1
| #define HAVE_UNISTD_H 1
| #define HAVE_DLFCN_H 1
| #define LT_OBJDIR ".libs/"
| #define HAVE_LIBZ 1
| #define HAVE_ICONV 1
| #define ICONV_CONST 
| #define STDC_HEADERS 1
| #define HAVE_LIBINTL_H 1
| #define HAVE_LOCALE_H 1
| #define HAVE_MALLOC_H 1
| #define HAVE_STDINT_H 1
| #define HAVE_STDLIB_H 1
| #define HAVE_STRING_H 1
| #define HAVE_UNISTD_H 1
| #define HAVE_SYS_MMAN_H 1
| #define HAVE_UTIME_H 1
| #define HAVE__BOOL 1
| #define HAVE_STDBOOL_H 1
| /* end confdefs.h.  */
| #include <stdio.h>
| #ifdef HAVE_SYS_TYPES_H
| # include <sys/types.h>
| #endif
| #ifdef HAVE_SYS_STAT_H
| # include <sys/stat.h>
| #endif
| #ifdef STDC_HEADERS
| # include <stdlib.h>
| # include <stddef.h>
| #else
| # ifdef HAVE_STDLIB_H
| #  include <stdlib.h>
| # endif
| #endif
| #ifdef HAVE_STRING_H
| # if !defined STDC_HEADERS && defined HAVE_MEMORY_H
| #  include <memory.h>
| # endif
| # include <string.h>
| #endif
| #ifdef HAVE_STRINGS_H
| # include <strings.h>
| #endif
| #ifdef HAVE_INTTYPES_H
| # include <inttypes.h>
| #endif
| #ifdef HAVE_STDINT_H
| # include <stdint.h>
| #endif
| #ifdef HAVE_UNISTD_H
| # include <unistd.h>
| #endif
| int
| main ()
| {
| if (sizeof ((size_t)))
| 	    return 0;
|   ;
|   return 0;
| }
configure:16306: result: yes
configure:16317: checking whether struct tm is in sys/time.h or time.h
configure:16337: gcc -c -O2  conftest.c >&5
configure:16337: $? = 0
configure:16344: result: time.h
configure:16372: checking for stdlib.h
configure:16372: result: yes
configure:16372: checking for unistd.h
configure:16372: result: yes
configure:16372: checking for sys/param.h
configure:16372: gcc -c -O2  conftest.c >&5
configure:16372: $? = 0
configure:16372: result: yes
configure:16392: checking for getpagesize
configure:16392: gcc -o conftest -O2   conftest.c -lz  -lm >&5
configure:16392: $? = 0
configure:16392: result: yes
configure:16401: checking for working mmap
configure:16548: gcc -o conftest -O2   conftest.c -lz  -lm >&5
configure:16548: $? = 0
configure:16548: ./conftest
configure:16548: $? = 0
configure:16558: result: yes
configure:16567: checking whether strerror_r is declared
configure:16567: gcc -c -O2  conftest.c >&5
configure:16567: $? = 0
configure:16567: result: yes
configure:16580: checking for strerror_r
configure:16580: gcc -o conftest -O2   conftest.c -lz  -lm >&5
configure:16580: $? = 0
configure:16580: result: yes
configure:16589: checking whether strerror_r returns char *
configure:16613: gcc -c -O2  conftest.c >&5
conftest.c: In function 'main':
conftest.c:86:13: error: invalid type argument of unary '*' (have 'int')
    char x = *strerror_r (0, buf, sizeof buf);
             ^
conftest.c:87:14: warning: initialization makes pointer from integer without a cast [enabled by default]
    char *p = strerror_r (0, buf, sizeof buf);
              ^
configure:16613: $? = 1
configure: failed program was:
| /* confdefs.h */
| #define PACKAGE_NAME "exiv2"
| #define PACKAGE_TARNAME "exiv2"
| #define PACKAGE_VERSION "0.23"
| #define PACKAGE_STRING "exiv2 0.23"
| #define PACKAGE_BUGREPORT "ahuggel@gmx.net"
| #define PACKAGE_URL ""
| #define PACKAGE "exiv2"
| #define VERSION "0.23"
| #define ENABLE_NLS 1
| #define HAVE_GETTEXT 1
| #define HAVE_DCGETTEXT 1
| #define STDC_HEADERS 1
| #define HAVE_SYS_TYPES_H 1
| #define HAVE_SYS_STAT_H 1
| #define HAVE_STDLIB_H 1
| #define HAVE_STRING_H 1
| #define HAVE_MEMORY_H 1
| #define HAVE_STRINGS_H 1
| #define HAVE_INTTYPES_H 1
| #define HAVE_STDINT_H 1
| #define HAVE_UNISTD_H 1
| #define HAVE_DLFCN_H 1
| #define LT_OBJDIR ".libs/"
| #define HAVE_LIBZ 1
| #define HAVE_ICONV 1
| #define ICONV_CONST 
| #define STDC_HEADERS 1
| #define HAVE_LIBINTL_H 1
| #define HAVE_LOCALE_H 1
| #define HAVE_MALLOC_H 1
| #define HAVE_STDINT_H 1
| #define HAVE_STDLIB_H 1
| #define HAVE_STRING_H 1
| #define HAVE_UNISTD_H 1
| #define HAVE_SYS_MMAN_H 1
| #define HAVE_UTIME_H 1
| #define HAVE__BOOL 1
| #define HAVE_STDBOOL_H 1
| #define HAVE_STDLIB_H 1
| #define HAVE_UNISTD_H 1
| #define HAVE_SYS_PARAM_H 1
| #define HAVE_GETPAGESIZE 1
| #define HAVE_MMAP 1
| #define HAVE_DECL_STRERROR_R 1
| #define HAVE_STRERROR_R 1
| /* end confdefs.h.  */
| #include <stdio.h>
| #ifdef HAVE_SYS_TYPES_H
| # include <sys/types.h>
| #endif
| #ifdef HAVE_SYS_STAT_H
| # include <sys/stat.h>
| #endif
| #ifdef STDC_HEADERS
| # include <stdlib.h>
| # include <stddef.h>
| #else
| # ifdef HAVE_STDLIB_H
| #  include <stdlib.h>
| # endif
| #endif
| #ifdef HAVE_STRING_H
| # if !defined STDC_HEADERS && defined HAVE_MEMORY_H
| #  include <memory.h>
| # endif
| # include <string.h>
| #endif
| #ifdef HAVE_STRINGS_H
| # include <strings.h>
| #endif
| #ifdef HAVE_INTTYPES_H
| # include <inttypes.h>
| #endif
| #ifdef HAVE_STDINT_H
| # include <stdint.h>
| #endif
| #ifdef HAVE_UNISTD_H
| # include <unistd.h>
| #endif
| int
| main ()
| {
| 
| 	  char buf[100];
| 	  char x = *strerror_r (0, buf, sizeof buf);
| 	  char *p = strerror_r (0, buf, sizeof buf);
| 	  return !p || x;
| 
|   ;
|   return 0;
| }
configure:16651: result: no
configure:16662: checking for gmtime_r
configure:16662: gcc -o conftest -O2   conftest.c -lz  -lm >&5
configure:16662: $? = 0
configure:16662: result: yes
configure:16662: checking for lstat
configure:16662: gcc -o conftest -O2   conftest.c -lz  -lm >&5
configure:16662: $? = 0
configure:16662: result: yes
configure:16662: checking for memset
configure:16662: gcc -o conftest -O2   conftest.c -lz  -lm >&5
conftest.c:73:6: warning: conflicting types for built-in function 'memset' [enabled by default]
 char memset ();
      ^
configure:16662: $? = 0
configure:16662: result: yes
configure:16662: checking for mmap
configure:16662: gcc -o conftest -O2   conftest.c -lz  -lm >&5
configure:16662: $? = 0
configure:16662: result: yes
configure:16662: checking for munmap
configure:16662: gcc -o conftest -O2   conftest.c -lz  -lm >&5
configure:16662: $? = 0
configure:16662: result: yes
configure:16662: checking for strchr
configure:16662: gcc -o conftest -O2   conftest.c -lz  -lm >&5
conftest.c:76:6: warning: conflicting types for built-in function 'strchr' [enabled by default]
 char strchr ();
      ^
configure:16662: $? = 0
configure:16662: result: yes
configure:16662: checking for strerror
configure:16662: gcc -o conftest -O2   conftest.c -lz  -lm >&5
configure:16662: $? = 0
configure:16662: result: yes
configure:16662: checking for strtol
configure:16662: gcc -o conftest -O2   conftest.c -lz  -lm >&5
configure:16662: $? = 0
configure:16662: result: yes
configure:16673: checking for timegm
configure:16673: gcc -o conftest -O2   conftest.c -lz  -lm >&5
configure:16673: $? = 0
configure:16673: result: yes
configure:16688: checking whether to enable dependency tracking
configure:16697: result: yes
configure:16706: checking whether to enable symbol visibility support
configure:16715: result: yes
configure:16726: checking whether the C++ compiler accepts the -xldscope=hidden flag
configure:16755: g++ -c -O2 -xldscope=hidden  conftest.cpp >&5
g++: error: language ldscope=hidden not recognized
g++: error: language ldscope=hidden not recognized
configure:16755: $? = 1
configure: failed program was:
| /* confdefs.h */
| #define PACKAGE_NAME "exiv2"
| #define PACKAGE_TARNAME "exiv2"
| #define PACKAGE_VERSION "0.23"
| #define PACKAGE_STRING "exiv2 0.23"
| #define PACKAGE_BUGREPORT "ahuggel@gmx.net"
| #define PACKAGE_URL ""
| #define PACKAGE "exiv2"
| #define VERSION "0.23"
| #define ENABLE_NLS 1
| #define HAVE_GETTEXT 1
| #define HAVE_DCGETTEXT 1
| #define STDC_HEADERS 1
| #define HAVE_SYS_TYPES_H 1
| #define HAVE_SYS_STAT_H 1
| #define HAVE_STDLIB_H 1
| #define HAVE_STRING_H 1
| #define HAVE_MEMORY_H 1
| #define HAVE_STRINGS_H 1
| #define HAVE_INTTYPES_H 1
| #define HAVE_STDINT_H 1
| #define HAVE_UNISTD_H 1
| #define HAVE_DLFCN_H 1
| #define LT_OBJDIR ".libs/"
| #define HAVE_LIBZ 1
| #define HAVE_ICONV 1
| #define ICONV_CONST 
| #define STDC_HEADERS 1
| #define HAVE_LIBINTL_H 1
| #define HAVE_LOCALE_H 1
| #define HAVE_MALLOC_H 1
| #define HAVE_STDINT_H 1
| #define HAVE_STDLIB_H 1
| #define HAVE_STRING_H 1
| #define HAVE_UNISTD_H 1
| #define HAVE_SYS_MMAN_H 1
| #define HAVE_UTIME_H 1
| #define HAVE__BOOL 1
| #define HAVE_STDBOOL_H 1
| #define HAVE_STDLIB_H 1
| #define HAVE_UNISTD_H 1
| #define HAVE_SYS_PARAM_H 1
| #define HAVE_GETPAGESIZE 1
| #define HAVE_MMAP 1
| #define HAVE_DECL_STRERROR_R 1
| #define HAVE_STRERROR_R 1
| #define HAVE_GMTIME_R 1
| #define HAVE_LSTAT 1
| #define HAVE_MEMSET 1
| #define HAVE_MMAP 1
| #define HAVE_MUNMAP 1
| #define HAVE_STRCHR 1
| #define HAVE_STRERROR 1
| #define HAVE_STRTOL 1
| #define HAVE_TIMEGM 1
| /* end confdefs.h.  */
| 
| 
| int
| main ()
| {
| 
|   ;
|   return 0;
| }
| 
configure:16778: result: no
configure:16804: checking whether the C++ compiler accepts the -fvisibility-inlines-hidden flag
configure:16833: g++ -c -O2 -fvisibility-inlines-hidden  conftest.cpp >&5
configure:16833: $? = 0
configure:16856: result: yes
configure:16885: checking whether to use the lens database for Nikon lens names
configure:16894: result: yes
configure:16901: checking whether to compile a commercial version of the Exiv2 library
configure:16910: result: no
configure:16915: checking whether to enable XMP support (requires expat)
configure:16924: result: no
configure:17177: creating ./config.status

## ---------------------- ##
## Running config.status. ##
## ---------------------- ##

This file was extended by exiv2 config.status 0.23, which was
generated by GNU Autoconf 2.68.  Invocation command line was

  CONFIG_FILES    = 
  CONFIG_HEADERS  = 
  CONFIG_LINKS    = 
  CONFIG_COMMANDS = 
  $ ./config.status 

on beta

config.status:1175: creating ./Makefile
config.status:1175: creating ./config/config.mk
config.status:1175: creating ./config/exiv2.pc
config.status:1175: creating ./po/Makefile.in
config.status:1175: creating ./src/doxygen.hpp
config.status:1175: creating ./config/config.h
config.status:1364: executing default-1 commands
config.status:1364: executing libtool commands

## ---------------- ##
## Cache variables. ##
## ---------------- ##

ac_cv_build=x86_64-unknown-linux-gnu
ac_cv_c_compiler_gnu=yes
ac_cv_c_const=yes
ac_cv_c_inline=inline
ac_cv_cxx_compiler_gnu=yes
ac_cv_env_CCC_set=
ac_cv_env_CCC_value=
ac_cv_env_CC_set=
ac_cv_env_CC_value=
ac_cv_env_CFLAGS_set=
ac_cv_env_CFLAGS_value=
ac_cv_env_CPPFLAGS_set=
ac_cv_env_CPPFLAGS_value=
ac_cv_env_CPP_set=
ac_cv_env_CPP_value=
ac_cv_env_CXXCPP_set=
ac_cv_env_CXXCPP_value=
ac_cv_env_CXXFLAGS_set=
ac_cv_env_CXXFLAGS_value=
ac_cv_env_CXX_set=
ac_cv_env_CXX_value=
ac_cv_env_LDFLAGS_set=
ac_cv_env_LDFLAGS_value=
ac_cv_env_LIBS_set=
ac_cv_env_LIBS_value=
ac_cv_env_build_alias_set=
ac_cv_env_build_alias_value=
ac_cv_env_host_alias_set=
ac_cv_env_host_alias_value=
ac_cv_env_target_alias_set=
ac_cv_env_target_alias_value=
ac_cv_func_getpagesize=yes
ac_cv_func_gmtime_r=yes
ac_cv_func_lstat=yes
ac_cv_func_memset=yes
ac_cv_func_mmap=yes
ac_cv_func_mmap_fixed_mapped=yes
ac_cv_func_munmap=yes
ac_cv_func_strchr=yes
ac_cv_func_strerror=yes
ac_cv_func_strerror_r=yes
ac_cv_func_strerror_r_char_p=no
ac_cv_func_strtol=yes
ac_cv_func_timegm=yes
ac_cv_have_decl_strerror_r=yes
ac_cv_header_dlfcn_h=yes
ac_cv_header_inttypes_h=yes
ac_cv_header_libintl_h=yes
ac_cv_header_locale_h=yes
ac_cv_header_malloc_h=yes
ac_cv_header_memory_h=yes
ac_cv_header_stdbool_h=yes
ac_cv_header_stdc=yes
ac_cv_header_stdint_h=yes
ac_cv_header_stdlib_h=yes
ac_cv_header_string_h=yes
ac_cv_header_strings_h=yes
ac_cv_header_sys_mman_h=yes
ac_cv_header_sys_param_h=yes
ac_cv_header_sys_stat_h=yes
ac_cv_header_sys_types_h=yes
ac_cv_header_unistd_h=yes
ac_cv_header_utime_h=yes
ac_cv_header_zlib_h=yes
ac_cv_host=x86_64-unknown-linux-gnu
ac_cv_lib_m_cos=yes
ac_cv_lib_z_inflateEnd=yes
ac_cv_objext=o
ac_cv_path_EGREP='/bin/grep -E'
ac_cv_path_FGREP='/bin/grep -F'
ac_cv_path_GMSGFMT=:
ac_cv_path_GREP=/bin/grep
ac_cv_path_MSGFMT=:
ac_cv_path_MSGMERGE=:
ac_cv_path_SED=/bin/sed
ac_cv_path_XGETTEXT=:
ac_cv_path_install='/usr/bin/install -c'
ac_cv_prog_CPP='gcc -E'
ac_cv_prog_CXXCPP='g++ -E'
ac_cv_prog_ac_ct_AR=ar
ac_cv_prog_ac_ct_CC=gcc
ac_cv_prog_ac_ct_CXX=g++
ac_cv_prog_ac_ct_OBJDUMP=objdump
ac_cv_prog_ac_ct_RANLIB=ranlib
ac_cv_prog_ac_ct_STRIP=strip
ac_cv_prog_cc_c89=
ac_cv_prog_cc_g=no
ac_cv_prog_cxx_g=no
ac_cv_prog_make_make_set=yes
ac_cv_struct_tm=time.h
ac_cv_type__Bool=yes
ac_cv_type_pid_t=yes
ac_cv_type_size_t=yes
acl_cv_hardcode_direct=no
acl_cv_hardcode_libdir_flag_spec='${wl}-rpath ${wl}$libdir'
acl_cv_hardcode_libdir_separator=
acl_cv_hardcode_minus_L=no
acl_cv_libext=a
acl_cv_libname_spec='lib$name'
acl_cv_library_names_spec='$libname$shrext'
acl_cv_path_LD=/usr/bin/ld
acl_cv_prog_gnu_ld=yes
acl_cv_rpath=done
acl_cv_shlibext=so
acl_cv_wl=-Wl,
am_cv_func_iconv=yes
am_cv_lib_iconv=no
am_cv_proto_iconv='extern size_t iconv (iconv_t cd, char * *inbuf, size_t *inbytesleft, char * *outbuf, size_t *outbytesleft);'
am_cv_proto_iconv_arg1=
ax_cv_cxx_check_flag__fvisibility_inlines_hidden=yes
ax_cv_cxx_check_flag__xldscope_hidden=no
gt_cv_func_CFLocaleCopyCurrent=no
gt_cv_func_CFPreferencesCopyAppValue=no
gt_cv_func_gnugettext1_libc=yes
lt_cv_deplibs_check_method=pass_all
lt_cv_file_magic_cmd='$MAGIC_CMD'
lt_cv_file_magic_test_file=
lt_cv_ld_reload_flag=-r
lt_cv_nm_interface='BSD nm'
lt_cv_objdir=.libs
lt_cv_path_LD=/usr/bin/ld
lt_cv_path_LDCXX='/usr/bin/ld -m elf_x86_64'
lt_cv_path_NM='/usr/bin/nm -B'
lt_cv_prog_compiler_c_o=yes
lt_cv_prog_compiler_c_o_CXX=yes
lt_cv_prog_compiler_pic_works=yes
lt_cv_prog_compiler_pic_works_CXX=yes
lt_cv_prog_compiler_rtti_exceptions=no
lt_cv_prog_compiler_static_works=yes
lt_cv_prog_compiler_static_works_CXX=yes
lt_cv_prog_gnu_ld=yes
lt_cv_prog_gnu_ldcxx=yes
lt_cv_sys_global_symbol_pipe='sed -n -e '\''s/^.*[	 ]\([ABCDGIRSTW][ABCDGIRSTW]*\)[	 ][	 ]*\([_A-Za-z][_A-Za-z0-9]*\)$/\1 \2 \2/p'\'''
lt_cv_sys_global_symbol_to_c_name_address='sed -n -e '\''s/^: \([^ ]*\) $/  {\"\1\", (void *) 0},/p'\'' -e '\''s/^[ABCDGIRSTW]* \([^ ]*\) \([^ ]*\)$/  {"\2", (void *) \&\2},/p'\'''
lt_cv_sys_global_symbol_to_c_name_address_lib_prefix='sed -n -e '\''s/^: \([^ ]*\) $/  {\"\1\", (void *) 0},/p'\'' -e '\''s/^[ABCDGIRSTW]* \([^ ]*\) \(lib[^ ]*\)$/  {"\2", (void *) \&\2},/p'\'' -e '\''s/^[ABCDGIRSTW]* \([^ ]*\) \([^ ]*\)$/  {"lib\2", (void *) \&\2},/p'\'''
lt_cv_sys_global_symbol_to_cdecl='sed -n -e '\''s/^T .* \(.*\)$/extern int \1();/p'\'' -e '\''s/^[ABCDGIRSTW]* .* \(.*\)$/extern char \1;/p'\'''
lt_cv_sys_max_cmd_len=1572864
zlib_cv_libz=yes
zlib_cv_zlib_h=yes

## ----------------- ##
## Output variables. ##
## ----------------- ##

AR='ar'
CC='gcc'
CFLAGS='-O2'
COMMERCIAL_VERSION='no'
CPP='gcc -E'
CPPFLAGS=''
CXX='g++'
CXXCPP='g++ -E'
CXXFLAGS='-O2 -fvisibility=hidden -fvisibility-inlines-hidden'
DEFS='-DHAVE_CONFIG_H'
DEP_TRACKING='1'
DSYMUTIL=''
DUMPBIN=''
ECHO_C=''
ECHO_N='-n'
ECHO_T=''
EGREP='/bin/grep -E'
ENABLE_XMP=''
EXEEXT=''
EXIV2_LTVERSION='12:0:0'
EXPAT_CPPFLAGS=''
EXPAT_LDFLAGS=''
EXPAT_LIBS=''
EXV_LIB_STATIC=''
FGREP='/bin/grep -F'
GCC='yes'
GMSGFMT=':'
GREP='/bin/grep'
GXX='yes'
HAVE_LIBZ='1'
HAVE_TIMEGM='1'
INSTALL_DATA='${INSTALL} -m 644'
INSTALL_PROGRAM='${INSTALL}'
INSTALL_SCRIPT='${INSTALL}'
INTLLIBS=''
INTL_MACOSX_LIBS=''
LD='/usr/bin/ld -m elf_x86_64'
LDFLAGS=''
LIBICONV=''
LIBINTL=''
LIBM='-lm'
LIBOBJS=''
LIBS='-lz  -lm'
LIBTOOL='$(SHELL) $(top_builddir)/libtool'
LIBTOOL_DEPS='./config/ltmain.sh'
LIPO=''
LN_S='ln -s'
LTLIBICONV=''
LTLIBINTL=''
LTLIBOBJS=''
MKINSTALLDIRS='$(top_builddir)/./config/mkinstalldirs'
MSGFMT=':'
MSGMERGE=':'
NM='/usr/bin/nm -B'
NMEDIT=''
OBJDUMP='objdump'
OBJEXT='o'
OTOOL64=''
OTOOL=''
PACKAGE='exiv2'
PACKAGE_BUGREPORT='ahuggel@gmx.net'
PACKAGE_NAME='exiv2'
PACKAGE_STRING='exiv2 0.23'
PACKAGE_TARNAME='exiv2'
PACKAGE_URL=''
PACKAGE_VERSION='0.23'
PATH_SEPARATOR=':'
POSUB='po'
RANLIB='ranlib'
SED='/bin/sed'
SET_MAKE=''
SHELL='/bin/bash'
STRIP='strip'
USE_NLS='yes'
VERSION='0.23'
XGETTEXT=':'
ac_ct_CC='gcc'
ac_ct_CXX='g++'
ac_ct_DUMPBIN=''
bindir='${exec_prefix}/bin'
build='x86_64-unknown-linux-gnu'
build_alias=''
build_cpu='x86_64'
build_os='linux-gnu'
build_vendor='unknown'
datadir='${datarootdir}'
datarootdir='${prefix}/share'
docdir='${datarootdir}/doc/${PACKAGE_TARNAME}'
dvidir='${docdir}'
exec_prefix='${prefix}'
host='x86_64-unknown-linux-gnu'
host_alias=''
host_cpu='x86_64'
host_os='linux-gnu'
host_vendor='unknown'
htmldir='${docdir}'
includedir='${prefix}/include'
infodir='${datarootdir}/info'
libdir='${exec_prefix}/lib'
libexecdir='${exec_prefix}/libexec'
localedir='${datarootdir}/locale'
localstatedir='${prefix}/var'
lt_ECHO='echo'
mandir='${datarootdir}/man'
oldincludedir='/usr/include'
pdfdir='${docdir}'
prefix='/usr/local'
program_transform_name='s,x,x,'
psdir='${docdir}'
sbindir='${exec_prefix}/sbin'
sharedstatedir='${prefix}/com'
sysconfdir='${prefix}/etc'
target_alias=''

## ----------- ##
## confdefs.h. ##
## ----------- ##

/* confdefs.h */
#define PACKAGE_NAME "exiv2"
#define PACKAGE_TARNAME "exiv2"
#define PACKAGE_VERSION "0.23"
#define PACKAGE_STRING "exiv2 0.23"
#define PACKAGE_BUGREPORT "ahuggel@gmx.net"
#define PACKAGE_URL ""
#define PACKAGE "exiv2"
#define VERSION "0.23"
#define ENABLE_NLS 1
#define HAVE_GETTEXT 1
#define HAVE_DCGETTEXT 1
#define STDC_HEADERS 1
#define HAVE_SYS_TYPES_H 1
#define HAVE_SYS_STAT_H 1
#define HAVE_STDLIB_H 1
#define HAVE_STRING_H 1
#define HAVE_MEMORY_H 1
#define HAVE_STRINGS_H 1
#define HAVE_INTTYPES_H 1
#define HAVE_STDINT_H 1
#define HAVE_UNISTD_H 1
#define HAVE_DLFCN_H 1
#define LT_OBJDIR ".libs/"
#define HAVE_LIBZ 1
#define HAVE_ICONV 1
#define ICONV_CONST 
#define STDC_HEADERS 1
#define HAVE_LIBINTL_H 1
#define HAVE_LOCALE_H 1
#define HAVE_MALLOC_H 1
#define HAVE_STDINT_H 1
#define HAVE_STDLIB_H 1
#define HAVE_STRING_H 1
#define HAVE_UNISTD_H 1
#define HAVE_SYS_MMAN_H 1
#define HAVE_UTIME_H 1
#define HAVE__BOOL 1
#define HAVE_STDBOOL_H 1
#define HAVE_STDLIB_H 1
#define HAVE_UNISTD_H 1
#define HAVE_SYS_PARAM_H 1
#define HAVE_GETPAGESIZE 1
#define HAVE_MMAP 1
#define HAVE_DECL_STRERROR_R 1
#define HAVE_STRERROR_R 1
#define HAVE_GMTIME_R 1
#define HAVE_LSTAT 1
#define HAVE_MEMSET 1
#define HAVE_MMAP 1
#define HAVE_MUNMAP 1
#define HAVE_STRCHR 1
#define HAVE_STRERROR 1
#define HAVE_STRTOL 1
#define HAVE_TIMEGM 1
#define WANT_VISIBILITY_SUPPORT 1
#define HAVE_DLL 1
#define HAVE_LENSDATA 1

configure: exit 0
