###
### Using 'vc11' toolset.
###

C:\Projets\Nemesis\jni\boost_1_53_0\tools\build\v2\engine>if exist bootstrap rd /S /Q bootstrap 

C:\Projets\Nemesis\jni\boost_1_53_0\tools\build\v2\engine>md bootstrap 

C:\Projets\Nemesis\jni\boost_1_53_0\tools\build\v2\engine>cl /nologo /RTC1 /Zi /MTd /Fobootstrap/ /Fdbootstrap/ -DNT -DYYDEBUG -wd4996 kernel32.lib advapi32.lib user32.lib /Febootstrap\jam0  command.c compile.c constants.c debug.c execnt.c filent.c function.c glob.c hash.c hdrmacro.c headers.c jam.c jambase.c jamgram.c lists.c make.c make1.c object.c option.c output.c parse.c pathunix.c regexp.c rules.c scan.c search.c subst.c timestamp.c variable.c modules.c strings.c filesys.c builtins.c md5.c pwd.c class.c w32_getreg.c native.c modules/set.c modules/path.c modules/regex.c modules/property-set.c modules/sequence.c modules/order.c 
command.c
compile.c
constants.c
debug.c
execnt.c
filent.c
function.c
glob.c
hash.c
hdrmacro.c
headers.c
jam.c
jambase.c
jamgram.c
lists.c
make.c
make1.c
object.c
option.c
output.c
Generating Code...
Compiling...
parse.c
pathunix.c
regexp.c
rules.c
scan.c
search.c
subst.c
timestamp.c
variable.c
modules.c
strings.c
filesys.c
builtins.c
md5.c
pwd.c
class.c
w32_getreg.c
native.c
set.c
path.c
Generating Code...
Compiling...
regex.c
property-set.c
sequence.c
order.c
Generating Code...

C:\Projets\Nemesis\jni\boost_1_53_0\tools\build\v2\engine>.\bootstrap\jam0 -f build.jam --toolset=vc11 "--toolset-root=C:\Program Files (x86)\Microsoft Visual Studio 11.0\Common7\Tools\..\..\VC\ " --prefix="build" --with-libraries=date_time,filesystem,program_options,regex,signals,system,thread,iostreams clean 
...found 1 target...
...updating 1 target...
...updated 1 target...

C:\Projets\Nemesis\jni\boost_1_53_0\tools\build\v2\engine>.\bootstrap\jam0 -f build.jam --toolset=vc11 "--toolset-root=C:\Program Files (x86)\Microsoft Visual Studio 11.0\Common7\Tools\..\..\VC\ " --prefix="build" --with-libraries=date_time,filesystem,program_options,regex,signals,system,thread,iostreams 
...found 50 targets...
...updating 2 targets...
[COMPILE] bin.ntx86\b2.exe
command.c
compile.c
constants.c
debug.c
function.c
glob.c
hash.c
hcache.c
headers.c
hdrmacro.c
jam.c
jambase.c
jamgram.c
lists.c
make.c
make1.c
mem.c
object.c
option.c
output.c
Generating Code...
Compiling...
parse.c
regexp.c
rules.c
scan.c
search.c
subst.c
w32_getreg.c
timestamp.c
variable.c
modules.c
strings.c
filesys.c
builtins.c
pwd.c
class.c
native.c
md5.c
set.c
path.c
regex.c
Generating Code...
Compiling...
property-set.c
sequence.c
order.c
execnt.c
filent.c
pathunix.c
Generating Code...
[COPY] bin.ntx86\bjam.exe
...updated 2 targets...
